{"message":"Unauthorized request to path: /","level":"error"}
{"message":"Unauthorized request to path: /","level":"error"}
{"message":"Unauthorized request to path: /","level":"error"}
{"message":"Unauthorized request to path: /api/users","level":"error"}
{"message":"Unauthorized request to path: /","level":"error"}
{"message":"Unauthorized request to path: /","level":"error"}
{"message":"Unauthorized request to path: /favicon.ico","level":"error"}
{"message":"Unauthorized request to path: /","level":"error"}
{"message":"Unauthorized request to path: /","level":"error"}
{"message":"Unauthorized request to path: /favicon.ico","level":"error"}
{"message":"Unauthorized request to path: /","level":"error"}
{"message":"Unauthorized request to path: /api/users","level":"error"}
{"message":"Unauthorized request to path: /api/users","level":"error"}
{"message":"Unauthorized request to path: /api/users","level":"error"}
{"message":"Unauthorized request to path: /api/users/checkuser/divyanat","level":"error"}
{"message":"Unauthorized request to path: /api/users","level":"error"}
{"message":"Unauthorized request to path: /api/posts/divyanat","level":"error"}
{"message":"Unauthorized request to path: /api/users/checkuser/divyanat","level":"error"}
{"message":"Unauthorized request to path: /api/users","level":"error"}
{"message":"Unauthorized request to path: /api/users/checkuser/divyanat","level":"error"}
{"message":"Unauthorized request to path: /api/users","level":"error"}
{"message":"Unauthorized request to path: /api/users","level":"error"}
{"message":"Unauthorized request to path: /api/users","level":"error"}
{"message":"Unauthorized request to path: /api/users/checkuser/divyanat","level":"error"}
{"message":"Unauthorized request to path: /api/users","level":"error"}
{"message":"Unauthorized request to path: /api/users","level":"error"}
{"message":"Unauthorized request to path: /favicon.ico","level":"error"}
{"message":"Unauthorized request to path: /api/users","level":"error"}
{"message":"Unauthorized request to path: /api/users","level":"error"}
{"message":"Unauthorized request to path: /api/users","level":"error"}
{"message":"Unauthorized request to path: /api/users/checkuser/divyanat","level":"error"}
{"message":"Unauthorized request to path: /api/posts/divyanat","level":"error"}
{"message":"Unauthorized request to path: /api/users","level":"error"}
{"message":"Unauthorized request to path: /api/posts/divyanat","level":"error"}
{"message":"Unauthorized request to path: /api/users","level":"error"}
{"message":"Unauthorized request to path: /api/posts/divyanat","level":"error"}
{"message":"Unauthorized request to path: /api/users","level":"error"}
{"message":"Unauthorized request to path: /api/posts/divyanat","level":"error"}
{"message":"Unauthorized request to path: /api/users","level":"error"}
{"message":"Unauthorized request to path: /api/posts/divyanat","level":"error"}
{"message":"Unauthorized request to path: /api/users","level":"error"}
{"message":"Unauthorized request to path: /api/posts/divyanat","level":"error"}
{"message":"Unauthorized request to path: /api/users/checkuser/divyanat","level":"error"}
{"message":"Unauthorized request to path: /api/posts/divyanat","level":"error"}
{"message":"Unauthorized request to path: /api/users","level":"error"}
{"message":"Unauthorized request to path: /api/posts/divyanat","level":"error"}
{"message":"Unauthorized request to path: /api/posts/divyanat","level":"error"}
{"message":"Unauthorized request to path: /api/users","level":"error"}
{"message":"Unauthorized request to path: /api/users","level":"error"}
{"message":"Unauthorized request to path: /api/users","level":"error"}
{"message":"Unauthorized request to path: /api/posts/undefined","level":"error"}
{"message":"Unauthorized request to path: /api/posts/undefined","level":"error"}
{"message":"Unauthorized request to path: /api/users","level":"error"}
{"message":"Unauthorized request to path: /api/posts/undefined","level":"error"}
{"message":"Unauthorized request to path: /api/users","level":"error"}
{"message":"Unauthorized request to path: /api/users","level":"error"}
{"message":"Unauthorized request to path: /api/users/checkuser/divyanat","level":"error"}
{"message":"Unauthorized request to path: /api/users","level":"error"}
{"message":"Unauthorized request to path: /api/users","level":"error"}
{"message":"Unauthorized request to path: /api/users","level":"error"}
{"message":"Unauthorized request to path: /api/users","level":"error"}
{"message":"Unauthorized request to path: /api/users","level":"error"}
{"message":"Unauthorized request to path: /api/posts","level":"error"}
{"message":"Unauthorized request to path: /api/posts/undefined","level":"error"}
{"message":"Unauthorized request to path: /api/posts/undefined","level":"error"}
{"message":"Unauthorized request to path: /api/users","level":"error"}
{"message":"Unauthorized request to path: /api/users/checkuser/","level":"error"}
{"message":"Unauthorized request to path: /api/users","level":"error"}
{"message":"Unauthorized request to path: /api/users","level":"error"}
{"message":"Unauthorized request to path: /api/users","level":"error"}
{"message":"Unauthorized request to path: /api/users","level":"error"}
{"message":"Unauthorized request to path: /api/users/checkuser/","level":"error"}
{"message":"Unauthorized request to path: /api/users","level":"error"}
{"message":"Unauthorized request to path: /api/users","level":"error"}
{"message":"Unauthorized request to path: /api/users/checkuser/divyanat","level":"error"}
{"message":"Unauthorized request to path: /api/posts/divyanat","level":"error"}
{"message":"Unauthorized request to path: /api/users","level":"error"}
{"message":"Unauthorized request to path: /api/users","level":"error"}
{"message":"Unauthorized request to path: /api/posts/divyanat","level":"error"}
{"message":"Unauthorized request to path: /api/users","level":"error"}
{"message":"Unauthorized request to path: /api/users/checkuser/divyanat","level":"error"}
{"message":"Unauthorized request to path: /api/posts/divyanat","level":"error"}
{"message":"Unauthorized request to path: /api/users","level":"error"}
{"message":"Unauthorized request to path: /api/posts/divyanat","level":"error"}
{"message":"Unauthorized request to path: /api/users","level":"error"}
{"message":"Unauthorized request to path: /api/posts/divyanat","level":"error"}
{"message":"Unauthorized request to path: /api/users","level":"error"}
{"message":"Unauthorized request to path: /api/users/checkuser/divyanat","level":"error"}
{"message":"Unauthorized request to path: /api/posts/divyanat","level":"error"}
{"message":"Unauthorized request to path: /api/users","level":"error"}
{"message":"Unauthorized request to path: /api/posts/undefined","level":"error"}
{"message":"Unauthorized request to path: /api/users/checkuser/divyanat","level":"error"}
{"message":"Unauthorized request to path: /api/posts/divyanat","level":"error"}
{"message":"Unauthorized request to path: /api/users","level":"error"}
{"message":"Unauthorized request to path: /api/posts/divyanat","level":"error"}
{"message":"Unauthorized request to path: /api/users/checkuser/divyanat","level":"error"}
{"message":"Unauthorized request to path: /api/posts/divyanat","level":"error"}
{"message":"Unauthorized request to path: /api/users","level":"error"}
{"message":"Unauthorized request to path: /api/users","level":"error"}
{"message":"Unauthorized request to path: /api/users","level":"error"}
{"message":"Unauthorized request to path: /api/posts/undefined","level":"error"}
{"message":"Unauthorized request to path: /api/posts/undefined","level":"error"}
{"message":"Unauthorized request to path: /api/users","level":"error"}
{"message":"Unauthorized request to path: /api/posts/undefined","level":"error"}
{"message":"Unauthorized request to path: /api/users/checkuser/dtarg","level":"error"}
{"message":"Unauthorized request to path: /api/users","level":"error"}
{"message":"Unauthorized request to path: /api/users","level":"error"}
{"message":"Unauthorized request to path: /api/users/checkuser/dtarg","level":"error"}
{"message":"Unauthorized request to path: /api/users","level":"error"}
{"message":"Unauthorized request to path: /api/users","level":"error"}
{"message":"Unauthorized request to path: /api/posts","level":"error"}
{"message":"Unauthorized request to path: /api/users/checkuser/dtarg","level":"error"}
{"message":"Unauthorized request to path: /api/users","level":"error"}
{"message":"Unauthorized request to path: /api/users","level":"error"}
{"message":"Unauthorized request to path: /api/users","level":"error"}
{"message":"Unauthorized request to path: /api/posts/undefined","level":"error"}
{"message":"Unauthorized request to path: /api/users/checkuser/dtarg","level":"error"}
{"message":"Unauthorized request to path: /api/users","level":"error"}
{"message":"Unauthorized request to path: /api/users","level":"error"}
{"message":"Unauthorized request to path: /api/users","level":"error"}
{"message":"Unauthorized request to path: /api/posts/undefined","level":"error"}
{"message":"Unauthorized request to path: /api/posts/undefined","level":"error"}
{"message":"Unauthorized request to path: /api/posts","level":"error"}
{"message":"Unauthorized request to path: /api/posts/undefined","level":"error"}
{"message":"Unauthorized request to path: /api/users/checkuser/dtarg","level":"error"}
{"message":"Unauthorized request to path: /api/users","level":"error"}
{"message":"Unauthorized request to path: /api/users","level":"error"}
{"message":"Unauthorized request to path: /api/users","level":"error"}
{"message":"Unauthorized request to path: /api/users/checkuser/dtarg","level":"error"}
{"message":"Unauthorized request to path: /api/users","level":"error"}
{"message":"Unauthorized request to path: /api/users","level":"error"}
{"message":"Unauthorized request to path: /api/users","level":"error"}
{"message":"Unauthorized request to path: /api/posts/undefined","level":"error"}
{"message":"Unauthorized request to path: /api/users/checkuser/dtarg","level":"error"}
{"message":"Unauthorized request to path: /api/users","level":"error"}
{"message":"Unauthorized request to path: /api/users","level":"error"}
{"message":"Unauthorized request to path: /api/users","level":"error"}
{"message":"Unauthorized request to path: /api/posts/undefined","level":"error"}
{"message":"Unauthorized request to path: /api/posts/undefined","level":"error"}
{"message":"Unauthorized request to path: /api/posts/undefined","level":"error"}
{"message":"Unauthorized request to path: /api/users","level":"error"}
{"message":"Unauthorized request to path: /api/posts/undefined","level":"error"}
{"message":"Unauthorized request to path: /api/users/checkuser/dtarg","level":"error"}
{"message":"Unauthorized request to path: /api/users","level":"error"}
{"message":"Unauthorized request to path: /api/users","level":"error"}
{"message":"Unauthorized request to path: /api/users","level":"error"}
{"message":"Unauthorized request to path: /api/users","level":"error"}
{"message":"Unauthorized request to path: /api/posts/undefined","level":"error"}
{"message":"Unauthorized request to path: /api/users/checkuser/dtarg","level":"error"}
{"message":"Unauthorized request to path: /api/users","level":"error"}
{"message":"Unauthorized request to path: /api/users","level":"error"}
{"message":"Unauthorized request to path: /api/users","level":"error"}
{"message":"Unauthorized request to path: /api/users","level":"error"}
{"message":"Unauthorized request to path: /api/users","level":"error"}
{"message":"Unauthorized request to path: /api/users","level":"error"}
{"message":"Unauthorized request to path: /api/users","level":"error"}
{"message":"Unauthorized request to path: /api/users","level":"error"}
{"message":"Unauthorized request to path: /api/users","level":"error"}
{"message":"Unauthorized request to path: /api/users","level":"error"}
{"message":"Unauthorized request to path: /api/users","level":"error"}
{"message":"Unauthorized request to path: /api/users","level":"error"}
{"message":"Unauthorized request to path: /api/users","level":"error"}
{"message":"Unauthorized request to path: /api/users","level":"error"}
{"message":"Unauthorized request to path: /api/users","level":"error"}
{"message":"Unauthorized request to path: /api/users","level":"error"}
{"message":"Unauthorized request to path: /api/users","level":"error"}
{"message":"Unauthorized request to path: /api/users","level":"error"}
{"message":"Unauthorized request to path: /api/users","level":"error"}
{"message":"Unauthorized request to path: /api/users","level":"error"}
{"message":"Unauthorized request to path: /api/users","level":"error"}
{"message":"Unauthorized request to path: /api/users","level":"error"}
{"message":"Unauthorized request to path: /api/users","level":"error"}
{"message":"Unauthorized request to path: /api/users","level":"error"}
{"message":"Unauthorized request to path: /api/users","level":"error"}
{"message":"Unauthorized request to path: /api/users","level":"error"}
{"message":"Unauthorized request to path: /api/users","level":"error"}
{"message":"Unauthorized request to path: /api/users","level":"error"}
{"message":"Unauthorized request to path: /api/users","level":"error"}
{"message":"Unauthorized request to path: /api/users","level":"error"}
{"message":"Unauthorized request to path: /api/users","level":"error"}
{"message":"Unauthorized request to path: /api/users","level":"error"}
{"message":"Unauthorized request to path: /api/users/checkuser/divyanat","level":"error"}
{"message":"Unauthorized request to path: /api/posts/divyanat","level":"error"}
{"message":"Unauthorized request to path: /api/users","level":"error"}
{"message":"Unauthorized request to path: /api/posts","level":"error"}
{"message":"Unauthorized request to path: /api/posts/undefined","level":"error"}
{"message":"Unauthorized request to path: /api/users","level":"error"}
{"message":"Unauthorized request to path: /api/users","level":"error"}
{"message":"Unauthorized request to path: /api/users/checkuser/divyanat","level":"error"}
{"message":"Unauthorized request to path: /api/posts/divyanat","level":"error"}
{"message":"Unauthorized request to path: /api/users","level":"error"}
{"message":"Unauthorized request to path: /api/users/checkuser/divyanat","level":"error"}
{"message":"Unauthorized request to path: /api/posts/divyanat","level":"error"}
{"message":"Unauthorized request to path: /api/users","level":"error"}
{"message":"Unauthorized request to path: /api/posts/divyanat","level":"error"}
{"message":"Unauthorized request to path: /api/posts/divyanat","level":"error"}
{"message":"Unauthorized request to path: /api/users","level":"error"}
{"message":"Unauthorized request to path: /api/users/checkuser/divyanat","level":"error"}
{"message":"Unauthorized request to path: /api/posts/divyanat","level":"error"}
{"message":"Unauthorized request to path: /api/users","level":"error"}
{"message":"Unauthorized request to path: /api/users","level":"error"}
{"message":"Unauthorized request to path: /api/users","level":"error"}
{"message":"Unauthorized request to path: /api/users","level":"error"}
{"message":"Unauthorized request to path: /api/posts/undefined","level":"error"}
{"message":"Unauthorized request to path: /api/posts/undefined","level":"error"}
{"message":"Unauthorized request to path: /api/users/checkuser/divyanat","level":"error"}
{"message":"Unauthorized request to path: /api/users","level":"error"}
{"message":"Unauthorized request to path: /api/users","level":"error"}
{"message":"Unauthorized request to path: /api/posts/undefined","level":"error"}
{"message":"Unauthorized request to path: /api/posts/undefined","level":"error"}
{"message":"Unauthorized request to path: /api/users","level":"error"}
{"message":"Unauthorized request to path: /api/posts/undefined","level":"error"}
{"message":"Unauthorized request to path: /api/posts/undefined","level":"error"}
{"message":"Unauthorized request to path: /api/users","level":"error"}
{"message":"Unauthorized request to path: /api/posts/undefined","level":"error"}
{"message":"Unauthorized request to path: /api/users","level":"error"}
{"message":"Unauthorized request to path: /api/users","level":"error"}
{"message":"Unauthorized request to path: /api/users","level":"error"}
{"message":"Unauthorized request to path: /api/users","level":"error"}
{"message":"Unauthorized request to path: /api/users","level":"error"}
{"message":"Unauthorized request to path: /api/users/checkuser/divyanat","level":"error"}
{"message":"Unauthorized request to path: /api/users","level":"error"}
{"message":"Unauthorized request to path: /api/users","level":"error"}
{"message":"Unauthorized request to path: /api/users","level":"error"}
{"message":"Unauthorized request to path: /api/users","level":"error"}
{"message":"Unauthorized request to path: /api/users/checkuser/divya.nat","level":"error"}
{"message":"Unauthorized request to path: /api/users","level":"error"}
{"message":"Unauthorized request to path: /api/users","level":"error"}
{"message":"Unauthorized request to path: /favicon.ico","level":"error"}
{"message":"Unauthorized request to path: /api/users","level":"error"}
{"message":"Unauthorized request to path: /api/users","level":"error"}
{"message":"Unauthorized request to path: /api/users","level":"error"}
{"message":"Unauthorized request to path: /api/users/checkuser/neelr","level":"error"}
{"message":"Unauthorized request to path: /api/users","level":"error"}
{"message":"Unauthorized request to path: /api/users","level":"error"}
{"message":"Unauthorized request to path: /api/users","level":"error"}
{"message":"Unauthorized request to path: /api/posts/neelr","level":"error"}
{"message":"Unauthorized request to path: /api/users","level":"error"}
{"message":"Unauthorized request to path: /api/posts/neelr","level":"error"}
{"message":"Unauthorized request to path: /api/posts","level":"error"}
{"message":"Unauthorized request to path: /api/posts/neelr","level":"error"}
{"message":"Unauthorized request to path: /api/posts/neelr","level":"error"}
{"message":"Unauthorized request to path: /api/users","level":"error"}
{"message":"Unauthorized request to path: /api/posts/neelr","level":"error"}
{"message":"Unauthorized request to path: /api/users","level":"error"}
{"message":"Unauthorized request to path: /api/posts/neelr","level":"error"}
{"message":"Unauthorized request to path: /api/posts","level":"error"}
{"message":"Unauthorized request to path: /api/posts/neelr","level":"error"}
{"message":"Unauthorized request to path: /api/posts/neelr","level":"error"}
{"message":"Unauthorized request to path: /api/posts","level":"error"}
{"message":"Unauthorized request to path: /api/posts/neelr","level":"error"}
{"message":"Unauthorized request to path: /api/posts/neelr","level":"error"}
{"message":"Unauthorized request to path: /api/users","level":"error"}
{"message":"Unauthorized request to path: /api/posts/neelr","level":"error"}
{"message":"Unauthorized request to path: /api/posts/neelr","level":"error"}
{"message":"Unauthorized request to path: /api/posts","level":"error"}
{"message":"Unauthorized request to path: /api/posts/neelr","level":"error"}
{"message":"Unauthorized request to path: /api/posts/neelr","level":"error"}
{"message":"Unauthorized request to path: /api/users","level":"error"}
{"message":"Unauthorized request to path: /api/posts/neelr","level":"error"}
{"message":"Unauthorized request to path: /api/users","level":"error"}
{"message":"Unauthorized request to path: /api/users","level":"error"}
{"message":"Unauthorized request to path: /api/users/checkuser/divyanat","level":"error"}
{"message":"Unauthorized request to path: /api/posts/divyanat","level":"error"}
{"message":"Unauthorized request to path: /api/users","level":"error"}
{"message":"Unauthorized request to path: /api/users","level":"error"}
{"message":"Unauthorized request to path: /api/posts/divyanat","level":"error"}
{"message":"Unauthorized request to path: /api/users","level":"error"}
{"message":"Unauthorized request to path: /api/posts/divyanat","level":"error"}
{"message":"Unauthorized request to path: /api/users","level":"error"}
{"message":"Unauthorized request to path: /api/posts/divyanat","level":"error"}
{"message":"Unauthorized request to path: /api/users","level":"error"}
{"message":"Unauthorized request to path: /api/posts/divyanat","level":"error"}
{"message":"Unauthorized request to path: /api/posts/divyanat","level":"error"}
{"message":"Unauthorized request to path: /api/posts/divyanat","level":"error"}
{"message":"Unauthorized request to path: /api/users","level":"error"}
{"message":"Unauthorized request to path: /api/users","level":"error"}
{"message":"Unauthorized request to path: /api/users/checkuser/divyanat","level":"error"}
{"message":"Unauthorized request to path: /api/posts/divyanat","level":"error"}
{"message":"Unauthorized request to path: /api/users","level":"error"}
{"message":"Unauthorized request to path: /api/users/checkuser/divyanat","level":"error"}
{"message":"Unauthorized request to path: /api/posts/divyanat","level":"error"}
{"message":"Unauthorized request to path: /api/users","level":"error"}
{"message":"Unauthorized request to path: /api/users","level":"error"}
{"message":"Unauthorized request to path: /api/users","level":"error"}
{"message":"Unauthorized request to path: /api/users","level":"error"}
{"message":"Unauthorized request to path: /api/users","level":"error"}
{"message":"Unauthorized request to path: /api/users","level":"error"}
{"message":"Unauthorized request to path: /api/users","level":"error"}
{"message":"Unauthorized request to path: /api/users/checkuser/divyanat","level":"error"}
{"message":"Unauthorized request to path: /api/posts/divyanat","level":"error"}
{"message":"Unauthorized request to path: /api/users","level":"error"}
{"message":"Unauthorized request to path: /api/posts/divyanat","level":"error"}
{"message":"Unauthorized request to path: /api/posts","level":"error"}
{"message":"Unauthorized request to path: /api/posts/divyanat","level":"error"}
{"message":"Unauthorized request to path: /api/posts/divyanat","level":"error"}
{"message":"Unauthorized request to path: /api/posts/divyanat","level":"error"}
{"message":"Unauthorized request to path: /api/posts/divyanat","level":"error"}
{"message":"Unauthorized request to path: /api/posts/divyanat","level":"error"}
{"message":"Unauthorized request to path: /api/users/checkuser/divyanat","level":"error"}
{"message":"Unauthorized request to path: /api/posts/divyanat","level":"error"}
{"message":"Unauthorized request to path: /api/users","level":"error"}
{"message":"Unauthorized request to path: /api/users/checkuser/divyanat","level":"error"}
{"message":"Unauthorized request to path: /api/posts/divyanat","level":"error"}
{"message":"Unauthorized request to path: /api/users","level":"error"}
{"message":"Unauthorized request to path: /api/posts/divyanat","level":"error"}
{"message":"Unauthorized request to path: /api/users","level":"error"}
{"message":"Unauthorized request to path: /api/users/checkuser/divyanat","level":"error"}
{"message":"Unauthorized request to path: /api/posts/divyanat","level":"error"}
{"message":"Unauthorized request to path: /api/users","level":"error"}
{"message":"Unauthorized request to path: /api/users","level":"error"}
{"message":"Unauthorized request to path: /api/users","level":"error"}
{"message":"Unauthorized request to path: /api/users","level":"error"}
{"message":"Unauthorized request to path: /api/users/checkuser/dtarg","level":"error"}
{"message":"Unauthorized request to path: /api/posts/dtarg","level":"error"}
{"message":"Unauthorized request to path: /api/users","level":"error"}
{"message":"Unauthorized request to path: /api/posts/dtarg","level":"error"}
{"message":"Unauthorized request to path: /api/posts","level":"error"}
{"message":"Unauthorized request to path: /api/posts/dtarg","level":"error"}
{"message":"Unauthorized request to path: /api/users/checkuser/dtarg","level":"error"}
{"message":"Unauthorized request to path: /api/posts/dtarg","level":"error"}
{"message":"Unauthorized request to path: /api/users","level":"error"}
{"message":"Unauthorized request to path: /api/posts/dtarg","level":"error"}
{"message":"Unauthorized request to path: /api/users","level":"error"}
{"message":"Unauthorized request to path: /api/posts/dtarg","level":"error"}
{"message":"Unauthorized request to path: /api/users","level":"error"}
{"message":"Unauthorized request to path: /","level":"error"}
{"message":"Unauthorized request to path: /api/","level":"error"}
{"message":"Unauthorized request to path: /","level":"error"}
{"message":"Unauthorized request to path: /api/posts/17","level":"error"}
{"message":"Unauthorized request to path: /","level":"error"}
{"message":"Unauthorized request to path: /favicon.ico","level":"error"}
{"message":"Unauthorized request to path: /","level":"error"}
{"message":"Unauthorized request to path: /api","level":"error"}
{"message":"Unauthorized request to path: /","level":"error"}
